[ 2019-04-10T08:25:00+08:00 ] 127.0.0.1 /favicon.ico
INFO: [ app_init ] --START--
INFO: Run Behavior\BuildLiteBehavior [ RunTime:0.000010s ]
INFO: [ app_init ] --END-- [ RunTime:0.000412s ]

[ 2019-04-10T08:27:03+08:00 ] 127.0.0.1 /Public/Uploads/20190409/sm_5cac4d1c68747.jpg
INFO: [ app_init ] --START--
INFO: Run Behavior\BuildLiteBehavior [ RunTime:0.000010s ]
INFO: [ app_init ] --END-- [ RunTime:0.000521s ]

[ 2019-04-10T08:27:03+08:00 ] 127.0.0.1 /Public/Uploads/20190409/sm_5cac4d44c9fd0.jpg
INFO: [ app_init ] --START--
INFO: Run Behavior\BuildLiteBehavior [ RunTime:0.000013s ]
INFO: [ app_init ] --END-- [ RunTime:0.000731s ]

[ 2019-04-10T08:53:40+08:00 ] 127.0.0.1 /Public/Uploads/20190409/sm_5cac4d1c68747.jpg
INFO: [ app_init ] --START--
INFO: Run Behavior\BuildLiteBehavior [ RunTime:0.000015s ]
INFO: [ app_init ] --END-- [ RunTime:0.000668s ]

[ 2019-04-10T08:53:40+08:00 ] 127.0.0.1 /Public/Uploads/20190409/sm_5cac4d44c9fd0.jpg
INFO: [ app_init ] --START--
INFO: Run Behavior\BuildLiteBehavior [ RunTime:0.000012s ]
INFO: [ app_init ] --END-- [ RunTime:0.000563s ]

[ 2019-04-10T10:04:00+08:00 ] 127.0.0.1 /favicon.ico
INFO: [ app_init ] --START--
INFO: Run Behavior\BuildLiteBehavior [ RunTime:0.000012s ]
INFO: [ app_init ] --END-- [ RunTime:0.000471s ]

[ 2019-04-10T10:06:34+08:00 ] 127.0.0.1 /system.html
INFO: [ app_init ] --START--
INFO: Run Behavior\BuildLiteBehavior [ RunTime:0.000014s ]
INFO: [ app_init ] --END-- [ RunTime:0.000724s ]
ERR: 无法加载模块:System

[ 2019-04-10T10:19:27+08:00 ] 127.0.0.1 /system.html
INFO: [ app_init ] --START--
INFO: Run Behavior\BuildLiteBehavior [ RunTime:0.000010s ]
INFO: [ app_init ] --END-- [ RunTime:0.000506s ]
ERR: 无法加载模块:System

[ 2019-04-10T14:47:00+08:00 ] 127.0.0.1 /favicon.ico
INFO: [ app_init ] --START--
INFO: Run Behavior\BuildLiteBehavior [ RunTime:0.000007s ]
INFO: [ app_init ] --END-- [ RunTime:0.000318s ]

[ 2019-04-10T14:51:17+08:00 ] 127.0.0.1 /Public/Uploads/20190410/sm_5cad926145d0f.jpg
INFO: [ app_init ] --START--
INFO: Run Behavior\BuildLiteBehavior [ RunTime:0.000022s ]
INFO: [ app_init ] --END-- [ RunTime:0.000561s ]

[ 2019-04-10T14:51:49+08:00 ] 127.0.0.1 /Public/Uploads/20190410/sm_5cad926145d0f.jpg
INFO: [ app_init ] --START--
INFO: Run Behavior\BuildLiteBehavior [ RunTime:0.000014s ]
INFO: [ app_init ] --END-- [ RunTime:0.000591s ]

[ 2019-04-10T14:52:10+08:00 ] 127.0.0.1 /Public/Uploads/20190410/sm_5cad9296b0898.jpg
INFO: [ app_init ] --START--
INFO: Run Behavior\BuildLiteBehavior [ RunTime:0.000016s ]
INFO: [ app_init ] --END-- [ RunTime:0.000735s ]

[ 2019-04-10T14:57:21+08:00 ] 127.0.0.1 /Public/Uploads/20190410/sm_5cad9296b0898.jpg
INFO: [ app_init ] --START--
INFO: Run Behavior\BuildLiteBehavior [ RunTime:0.000008s ]
INFO: [ app_init ] --END-- [ RunTime:0.000335s ]

[ 2019-04-10T15:01:46+08:00 ] 127.0.0.1 /Public/Uploads/20190409/sm_sm_5cac521420a3f.jpg
INFO: [ app_init ] --START--
INFO: Run Behavior\BuildLiteBehavior [ RunTime:0.000016s ]
INFO: [ app_init ] --END-- [ RunTime:0.000666s ]

[ 2019-04-10T15:01:46+08:00 ] 127.0.0.1 /Public/Uploads/20190409/sm_sm_5cac593f7de45.jpg
INFO: [ app_init ] --START--
INFO: Run Behavior\BuildLiteBehavior [ RunTime:0.000013s ]
INFO: [ app_init ] --END-- [ RunTime:0.000596s ]

[ 2019-04-10T15:01:46+08:00 ] 127.0.0.1 /Public/Uploads/20190410/sm_sm_5cad93edcb0b1.jpg
INFO: [ app_init ] --START--
INFO: Run Behavior\BuildLiteBehavior [ RunTime:0.000031s ]
INFO: [ app_init ] --END-- [ RunTime:0.000886s ]

[ 2019-04-10T15:13:06+08:00 ] 127.0.0.1 /Public/Uploads/20190409/sm_5cac4ad08b7a3.jpg
INFO: [ app_init ] --START--
INFO: Run Behavior\BuildLiteBehavior [ RunTime:0.000010s ]
INFO: [ app_init ] --END-- [ RunTime:0.000472s ]

[ 2019-04-10T15:13:07+08:00 ] 127.0.0.1 /Public/Uploads/20190409/sm_5cac4d1c68747.jpg
INFO: [ app_init ] --START--
INFO: Run Behavior\BuildLiteBehavior [ RunTime:0.000034s ]
INFO: [ app_init ] --END-- [ RunTime:0.001383s ]

[ 2019-04-10T15:13:07+08:00 ] 127.0.0.1 /Public/Uploads/20190409/sm_5cac4e422742b.jpg
INFO: [ app_init ] --START--
INFO: Run Behavior\BuildLiteBehavior [ RunTime:0.000012s ]
INFO: [ app_init ] --END-- [ RunTime:0.000458s ]

[ 2019-04-10T15:13:07+08:00 ] 127.0.0.1 /Public/Uploads/20190409/sm_5cac4d44c9fd0.jpg
INFO: [ app_init ] --START--
INFO: Run Behavior\BuildLiteBehavior [ RunTime:0.000012s ]
INFO: [ app_init ] --END-- [ RunTime:0.000594s ]

[ 2019-04-10T15:13:10+08:00 ] 127.0.0.1 /Public/Uploads/20190409/sm_5cac4e422742b.jpg
INFO: [ app_init ] --START--
INFO: Run Behavior\BuildLiteBehavior [ RunTime:0.000013s ]
INFO: [ app_init ] --END-- [ RunTime:0.000616s ]

[ 2019-04-10T15:13:23+08:00 ] 127.0.0.1 /Public/Uploads/20190409/sm_5cac4ad08b7a3.jpg
INFO: [ app_init ] --START--
INFO: Run Behavior\BuildLiteBehavior [ RunTime:0.000012s ]
INFO: [ app_init ] --END-- [ RunTime:0.000508s ]

[ 2019-04-10T15:13:23+08:00 ] 127.0.0.1 /Public/Uploads/20190409/sm_5cac4d44c9fd0.jpg
INFO: [ app_init ] --START--
INFO: Run Behavior\BuildLiteBehavior [ RunTime:0.000014s ]
INFO: [ app_init ] --END-- [ RunTime:0.000649s ]

[ 2019-04-10T15:13:23+08:00 ] 127.0.0.1 /Public/Uploads/20190409/sm_5cac4d1c68747.jpg
INFO: [ app_init ] --START--
INFO: Run Behavior\BuildLiteBehavior [ RunTime:0.000025s ]
INFO: [ app_init ] --END-- [ RunTime:0.000551s ]

[ 2019-04-10T20:25:05+08:00 ] 127.0.0.1 /Public/Uploads/20190409/sm_5cac4ad08b7a3.jpg
INFO: [ app_init ] --START--
INFO: Run Behavior\BuildLiteBehavior [ RunTime:0.000013s ]
INFO: [ app_init ] --END-- [ RunTime:0.000505s ]

[ 2019-04-10T20:25:05+08:00 ] 127.0.0.1 /Public/Uploads/20190409/sm_5cac4d1c68747.jpg
INFO: [ app_init ] --START--
INFO: Run Behavior\BuildLiteBehavior [ RunTime:0.000016s ]
INFO: [ app_init ] --END-- [ RunTime:0.000818s ]

[ 2019-04-10T20:25:05+08:00 ] 127.0.0.1 /Public/Uploads/20190409/sm_5cac4d44c9fd0.jpg
INFO: [ app_init ] --START--
INFO: Run Behavior\BuildLiteBehavior [ RunTime:0.000069s ]
INFO: [ app_init ] --END-- [ RunTime:0.000475s ]

[ 2019-04-10T21:34:25+08:00 ] 127.0.0.1 /index.html
INFO: [ app_init ] --START--
INFO: Run Behavior\BuildLiteBehavior [ RunTime:0.000010s ]
INFO: [ app_init ] --END-- [ RunTime:0.000524s ]
ERR: 无法加载模块:Index

[ 2019-04-10T22:18:31+08:00 ] 127.0.0.1 /favicon.ico
INFO: [ app_init ] --START--
INFO: Run Behavior\BuildLiteBehavior [ RunTime:0.000010s ]
INFO: [ app_init ] --END-- [ RunTime:0.000451s ]

