[ 2019-04-09T08:28:10+08:00 ] 127.0.0.1 /favicon.ico
INFO: [ app_init ] --START--
INFO: Run Behavior\BuildLiteBehavior [ RunTime:0.000014s ]
INFO: [ app_init ] --END-- [ RunTime:0.000512s ]

[ 2019-04-09T14:04:23+08:00 ] 127.0.0.1 /favicon.ico
INFO: [ app_init ] --START--
INFO: Run Behavior\BuildLiteBehavior [ RunTime:0.000008s ]
INFO: [ app_init ] --END-- [ RunTime:0.000346s ]

[ 2019-04-09T15:42:28+08:00 ] 127.0.0.1 /Public/Uploads/20190409/sm_5cac4ad08b7a3.jpg
INFO: [ app_init ] --START--
INFO: Run Behavior\BuildLiteBehavior [ RunTime:0.000014s ]
INFO: [ app_init ] --END-- [ RunTime:0.000461s ]

[ 2019-04-09T15:42:29+08:00 ] 127.0.0.1 /Public/Uploads/20190409/sm_5cac4ad08b7a3.jpg
INFO: [ app_init ] --START--
INFO: Run Behavior\BuildLiteBehavior [ RunTime:0.000019s ]
INFO: [ app_init ] --END-- [ RunTime:0.000745s ]

[ 2019-04-09T15:42:30+08:00 ] 127.0.0.1 /Public/Uploads/20190409/sm_5cac4ad08b7a3.jpg
INFO: [ app_init ] --START--
INFO: Run Behavior\BuildLiteBehavior [ RunTime:0.000012s ]
INFO: [ app_init ] --END-- [ RunTime:0.000506s ]

[ 2019-04-09T15:42:30+08:00 ] 127.0.0.1 /Public/Uploads/20190409/sm_5cac4ad08b7a3.jpg
INFO: [ app_init ] --START--
INFO: Run Behavior\BuildLiteBehavior [ RunTime:0.000007s ]
INFO: [ app_init ] --END-- [ RunTime:0.000309s ]

[ 2019-04-09T15:42:33+08:00 ] 127.0.0.1 /Public/Uploads/20190409/sm_5cac4ad08b7a3.jpg
INFO: [ app_init ] --START--
INFO: Run Behavior\BuildLiteBehavior [ RunTime:0.000011s ]
INFO: [ app_init ] --END-- [ RunTime:0.000538s ]

[ 2019-04-09T15:42:33+08:00 ] 127.0.0.1 /Public/Uploads/20190409/sm_5cac4ad08b7a3.jpg
INFO: [ app_init ] --START--
INFO: Run Behavior\BuildLiteBehavior [ RunTime:0.000015s ]
INFO: [ app_init ] --END-- [ RunTime:0.000790s ]

[ 2019-04-09T15:43:27+08:00 ] 127.0.0.1 /Public/Uploads/20190409/sm_5cac4ad08b7a3.jpg
INFO: [ app_init ] --START--
INFO: Run Behavior\BuildLiteBehavior [ RunTime:0.000045s ]
INFO: [ app_init ] --END-- [ RunTime:0.001039s ]

[ 2019-04-09T15:44:51+08:00 ] 127.0.0.1 /Public/Uploads/20190409/sm_5cac4ad08b7a3.jpg
INFO: [ app_init ] --START--
INFO: Run Behavior\BuildLiteBehavior [ RunTime:0.000011s ]
INFO: [ app_init ] --END-- [ RunTime:0.000497s ]

[ 2019-04-09T15:46:28+08:00 ] 127.0.0.1 /Public/Uploads/20190409/sm_5cac4ad08b7a3.jpg
INFO: [ app_init ] --START--
INFO: Run Behavior\BuildLiteBehavior [ RunTime:0.000014s ]
INFO: [ app_init ] --END-- [ RunTime:0.000701s ]

[ 2019-04-09T15:46:55+08:00 ] 127.0.0.1 /Public/Uploads/20190409/sm_5cac4ad08b7a3.jpg
INFO: [ app_init ] --START--
INFO: Run Behavior\BuildLiteBehavior [ RunTime:0.000012s ]
INFO: [ app_init ] --END-- [ RunTime:0.000648s ]

[ 2019-04-09T15:47:00+08:00 ] 127.0.0.1 /Public/Uploads/20190409/sm_5cac4ad08b7a3.jpg
INFO: [ app_init ] --START--
INFO: Run Behavior\BuildLiteBehavior [ RunTime:0.000013s ]
INFO: [ app_init ] --END-- [ RunTime:0.000551s ]

[ 2019-04-09T15:47:12+08:00 ] 127.0.0.1 /Public/Uploads/20190409/sm_5cac4ad08b7a3.jpg
INFO: [ app_init ] --START--
INFO: Run Behavior\BuildLiteBehavior [ RunTime:0.000014s ]
INFO: [ app_init ] --END-- [ RunTime:0.000671s ]

[ 2019-04-09T15:48:24+08:00 ] 127.0.0.1 /Public/Uploads/20190409/sm_5cac4ad08b7a3.jpg
INFO: [ app_init ] --START--
INFO: Run Behavior\BuildLiteBehavior [ RunTime:0.000013s ]
INFO: [ app_init ] --END-- [ RunTime:0.000654s ]

[ 2019-04-09T15:49:15+08:00 ] 127.0.0.1 /Public/Uploads/20190409/sm_5cac4ad08b7a3.jpg
INFO: [ app_init ] --START--
INFO: Run Behavior\BuildLiteBehavior [ RunTime:0.000011s ]
INFO: [ app_init ] --END-- [ RunTime:0.000544s ]

[ 2019-04-09T15:49:25+08:00 ] 127.0.0.1 /Public/Uploads/20190409/sm_5cac4ad08b7a3.jpg
INFO: [ app_init ] --START--
INFO: Run Behavior\BuildLiteBehavior [ RunTime:0.000021s ]
INFO: [ app_init ] --END-- [ RunTime:0.005037s ]

[ 2019-04-09T16:04:04+08:00 ] 127.0.0.1 /Public/Uploads/20190409/sm_5cac4ad08b7a3.jpg
INFO: [ app_init ] --START--
INFO: Run Behavior\BuildLiteBehavior [ RunTime:0.000020s ]
INFO: [ app_init ] --END-- [ RunTime:0.000590s ]

[ 2019-04-09T16:04:04+08:00 ] 127.0.0.1 /Public/Uploads/20190409/sm_5cac4d1c68747.jpg
INFO: [ app_init ] --START--
INFO: Run Behavior\BuildLiteBehavior [ RunTime:0.000010s ]
INFO: [ app_init ] --END-- [ RunTime:0.000564s ]

[ 2019-04-09T16:04:04+08:00 ] 127.0.0.1 /Public/Uploads/20190409/sm_5cac4d44c9fd0.jpg
INFO: [ app_init ] --START--
INFO: Run Behavior\BuildLiteBehavior [ RunTime:0.000014s ]
INFO: [ app_init ] --END-- [ RunTime:0.000608s ]

[ 2019-04-09T16:04:04+08:00 ] 127.0.0.1 /Public/Uploads/20190409/sm_5cac4e422742b.jpg
INFO: [ app_init ] --START--
INFO: Run Behavior\BuildLiteBehavior [ RunTime:0.000012s ]
INFO: [ app_init ] --END-- [ RunTime:0.000488s ]

[ 2019-04-09T16:04:05+08:00 ] 127.0.0.1 /Public/Uploads/20190409/sm_5cac4ad08b7a3.jpg
INFO: [ app_init ] --START--
INFO: Run Behavior\BuildLiteBehavior [ RunTime:0.000012s ]
INFO: [ app_init ] --END-- [ RunTime:0.000493s ]

[ 2019-04-09T16:04:05+08:00 ] 127.0.0.1 /Public/Uploads/20190409/sm_5cac4d44c9fd0.jpg
INFO: [ app_init ] --START--
INFO: Run Behavior\BuildLiteBehavior [ RunTime:0.000011s ]
INFO: [ app_init ] --END-- [ RunTime:0.000553s ]

[ 2019-04-09T16:04:05+08:00 ] 127.0.0.1 /Public/Uploads/20190409/sm_5cac4e422742b.jpg
INFO: [ app_init ] --START--
INFO: Run Behavior\BuildLiteBehavior [ RunTime:0.000014s ]
INFO: [ app_init ] --END-- [ RunTime:0.000621s ]

[ 2019-04-09T16:04:05+08:00 ] 127.0.0.1 /Public/Uploads/20190409/sm_5cac4d1c68747.jpg
INFO: [ app_init ] --START--
INFO: Run Behavior\BuildLiteBehavior [ RunTime:0.000018s ]
INFO: [ app_init ] --END-- [ RunTime:0.000738s ]

[ 2019-04-09T16:32:30+08:00 ] 127.0.0.1 /Public/Uploads/20190409/sm_5cac4ad08b7a3.jpg
INFO: [ app_init ] --START--
INFO: Run Behavior\BuildLiteBehavior [ RunTime:0.000008s ]
INFO: [ app_init ] --END-- [ RunTime:0.000367s ]

[ 2019-04-09T16:32:30+08:00 ] 127.0.0.1 /Public/Uploads/20190409/sm_5cac4d44c9fd0.jpg
INFO: [ app_init ] --START--
INFO: Run Behavior\BuildLiteBehavior [ RunTime:0.000017s ]
INFO: [ app_init ] --END-- [ RunTime:0.000663s ]

[ 2019-04-09T16:32:30+08:00 ] 127.0.0.1 /Public/Uploads/20190409/sm_5cac4e422742b.jpg
INFO: [ app_init ] --START--
INFO: Run Behavior\BuildLiteBehavior [ RunTime:0.000013s ]
INFO: [ app_init ] --END-- [ RunTime:0.000607s ]

[ 2019-04-09T16:41:55+08:00 ] 127.0.0.1 /Public/Uploads/20190409/sm_5cac4ad08b7a3.jpg
INFO: [ app_init ] --START--
INFO: Run Behavior\BuildLiteBehavior [ RunTime:0.000009s ]
INFO: [ app_init ] --END-- [ RunTime:0.000417s ]

[ 2019-04-09T16:41:55+08:00 ] 127.0.0.1 /Public/Uploads/20190409/sm_5cac4d44c9fd0.jpg
INFO: [ app_init ] --START--
INFO: Run Behavior\BuildLiteBehavior [ RunTime:0.000033s ]
INFO: [ app_init ] --END-- [ RunTime:0.001064s ]

[ 2019-04-09T16:41:55+08:00 ] 127.0.0.1 /Public/Uploads/20190409/sm_5cac4e422742b.jpg
INFO: [ app_init ] --START--
INFO: Run Behavior\BuildLiteBehavior [ RunTime:0.000015s ]
INFO: [ app_init ] --END-- [ RunTime:0.000715s ]

[ 2019-04-09T16:41:55+08:00 ] 127.0.0.1 /Public/Uploads/20190409/sm_5cac4d1c68747.jpg
INFO: [ app_init ] --START--
INFO: Run Behavior\BuildLiteBehavior [ RunTime:0.000009s ]
INFO: [ app_init ] --END-- [ RunTime:0.000499s ]

[ 2019-04-09T16:48:00+08:00 ] 127.0.0.1 /Public/Uploads/20190409/sm_5cac4ad08b7a3.jpg
INFO: [ app_init ] --START--
INFO: Run Behavior\BuildLiteBehavior [ RunTime:0.000010s ]
INFO: [ app_init ] --END-- [ RunTime:0.000659s ]

[ 2019-04-09T16:48:00+08:00 ] 127.0.0.1 /Public/Uploads/20190409/sm_5cac4d1c68747.jpg
INFO: [ app_init ] --START--
INFO: Run Behavior\BuildLiteBehavior [ RunTime:0.000014s ]
INFO: [ app_init ] --END-- [ RunTime:0.000594s ]

[ 2019-04-09T16:48:00+08:00 ] 127.0.0.1 /Public/Uploads/20190409/sm_5cac4e422742b.jpg
INFO: [ app_init ] --START--
INFO: Run Behavior\BuildLiteBehavior [ RunTime:0.000035s ]
INFO: [ app_init ] --END-- [ RunTime:0.000951s ]

[ 2019-04-09T16:48:00+08:00 ] 127.0.0.1 /Public/Uploads/20190409/sm_5cac4d44c9fd0.jpg
INFO: [ app_init ] --START--
INFO: Run Behavior\BuildLiteBehavior [ RunTime:0.000040s ]
INFO: [ app_init ] --END-- [ RunTime:0.000995s ]

[ 2019-04-09T16:50:04+08:00 ] 127.0.0.1 /Public/Uploads/20190409/sm_5cac4ad08b7a3.jpg
INFO: [ app_init ] --START--
INFO: Run Behavior\BuildLiteBehavior [ RunTime:0.000011s ]
INFO: [ app_init ] --END-- [ RunTime:0.000463s ]

[ 2019-04-09T16:50:04+08:00 ] 127.0.0.1 /Public/Uploads/20190409/sm_5cac4e422742b.jpg
INFO: [ app_init ] --START--
INFO: Run Behavior\BuildLiteBehavior [ RunTime:0.000008s ]
INFO: [ app_init ] --END-- [ RunTime:0.000421s ]

[ 2019-04-09T16:50:04+08:00 ] 127.0.0.1 /Public/Uploads/20190409/sm_5cac4d1c68747.jpg
INFO: [ app_init ] --START--
INFO: Run Behavior\BuildLiteBehavior [ RunTime:0.000018s ]
INFO: [ app_init ] --END-- [ RunTime:0.001293s ]

[ 2019-04-09T16:50:04+08:00 ] 127.0.0.1 /Public/Uploads/20190409/sm_5cac4d44c9fd0.jpg
INFO: [ app_init ] --START--
INFO: Run Behavior\BuildLiteBehavior [ RunTime:0.000017s ]
INFO: [ app_init ] --END-- [ RunTime:0.000636s ]

[ 2019-04-09T16:52:57+08:00 ] 127.0.0.1 /Public/Uploads/20190409/sm_5cac5d0d786fc.gif
INFO: [ app_init ] --START--
INFO: Run Behavior\BuildLiteBehavior [ RunTime:0.000012s ]
INFO: [ app_init ] --END-- [ RunTime:0.000596s ]

[ 2019-04-09T16:53:03+08:00 ] 127.0.0.1 /Public/Uploads/20190409/sm_5cac5cfe972c3.gif
INFO: [ app_init ] --START--
INFO: Run Behavior\BuildLiteBehavior [ RunTime:0.000012s ]
INFO: [ app_init ] --END-- [ RunTime:0.000467s ]

[ 2019-04-09T16:53:03+08:00 ] 127.0.0.1 /Public/Uploads/20190409/sm_5cac5cfc8694d.gif
INFO: [ app_init ] --START--
INFO: Run Behavior\BuildLiteBehavior [ RunTime:0.000011s ]
INFO: [ app_init ] --END-- [ RunTime:0.000514s ]

[ 2019-04-09T16:53:03+08:00 ] 127.0.0.1 /Public/Uploads/20190409/sm_5cac5d008219a.gif
INFO: [ app_init ] --START--
INFO: Run Behavior\BuildLiteBehavior [ RunTime:0.000014s ]
INFO: [ app_init ] --END-- [ RunTime:0.000825s ]

[ 2019-04-09T16:53:03+08:00 ] 127.0.0.1 /Public/Uploads/20190409/sm_5cac5cfc8694d.gif
INFO: [ app_init ] --START--
INFO: Run Behavior\BuildLiteBehavior [ RunTime:0.000010s ]
INFO: [ app_init ] --END-- [ RunTime:0.000410s ]

[ 2019-04-09T16:53:03+08:00 ] 127.0.0.1 /Public/Uploads/20190409/sm_5cac5cfe972c3.gif
INFO: [ app_init ] --START--
INFO: Run Behavior\BuildLiteBehavior [ RunTime:0.000014s ]
INFO: [ app_init ] --END-- [ RunTime:0.000754s ]

[ 2019-04-09T16:53:03+08:00 ] 127.0.0.1 /Public/Uploads/20190409/sm_5cac5d008219a.gif
INFO: [ app_init ] --START--
INFO: Run Behavior\BuildLiteBehavior [ RunTime:0.000010s ]
INFO: [ app_init ] --END-- [ RunTime:0.000490s ]

[ 2019-04-09T16:53:07+08:00 ] 127.0.0.1 /Public/Uploads/20190409/sm_5cac5cfe972c3.gif
INFO: [ app_init ] --START--
INFO: Run Behavior\BuildLiteBehavior [ RunTime:0.000012s ]
INFO: [ app_init ] --END-- [ RunTime:0.000643s ]

[ 2019-04-09T16:53:07+08:00 ] 127.0.0.1 /Public/Uploads/20190409/sm_5cac5d008219a.gif
INFO: [ app_init ] --START--
INFO: Run Behavior\BuildLiteBehavior [ RunTime:0.000017s ]
INFO: [ app_init ] --END-- [ RunTime:0.000712s ]

[ 2019-04-09T16:53:07+08:00 ] 127.0.0.1 /Public/Uploads/20190409/sm_5cac5d0266ab2.gif
INFO: [ app_init ] --START--
INFO: Run Behavior\BuildLiteBehavior [ RunTime:0.000014s ]
INFO: [ app_init ] --END-- [ RunTime:0.000586s ]

[ 2019-04-09T16:53:09+08:00 ] 127.0.0.1 /Public/Uploads/20190409/sm_5cac5d008219a.gif
INFO: [ app_init ] --START--
INFO: Run Behavior\BuildLiteBehavior [ RunTime:0.000013s ]
INFO: [ app_init ] --END-- [ RunTime:0.000597s ]

[ 2019-04-09T16:53:09+08:00 ] 127.0.0.1 /Public/Uploads/20190409/sm_5cac5d0266ab2.gif
INFO: [ app_init ] --START--
INFO: Run Behavior\BuildLiteBehavior [ RunTime:0.000010s ]
INFO: [ app_init ] --END-- [ RunTime:0.000561s ]

[ 2019-04-09T16:53:09+08:00 ] 127.0.0.1 /Public/Uploads/20190409/sm_5cac5d042b1bf.gif
INFO: [ app_init ] --START--
INFO: Run Behavior\BuildLiteBehavior [ RunTime:0.000016s ]
INFO: [ app_init ] --END-- [ RunTime:0.000981s ]

[ 2019-04-09T16:53:11+08:00 ] 127.0.0.1 /Public/Uploads/20190409/sm_5cac5d0266ab2.gif
INFO: [ app_init ] --START--
INFO: Run Behavior\BuildLiteBehavior [ RunTime:0.000010s ]
INFO: [ app_init ] --END-- [ RunTime:0.000667s ]

[ 2019-04-09T16:53:11+08:00 ] 127.0.0.1 /Public/Uploads/20190409/sm_5cac5d042b1bf.gif
INFO: [ app_init ] --START--
INFO: Run Behavior\BuildLiteBehavior [ RunTime:0.000019s ]
INFO: [ app_init ] --END-- [ RunTime:0.000783s ]

[ 2019-04-09T16:53:11+08:00 ] 127.0.0.1 /Public/Uploads/20190409/sm_5cac5d06c11c2.gif
INFO: [ app_init ] --START--
INFO: Run Behavior\BuildLiteBehavior [ RunTime:0.000011s ]
INFO: [ app_init ] --END-- [ RunTime:0.000558s ]

[ 2019-04-09T16:53:13+08:00 ] 127.0.0.1 /Public/Uploads/20190409/sm_5cac5d042b1bf.gif
INFO: [ app_init ] --START--
INFO: Run Behavior\BuildLiteBehavior [ RunTime:0.000015s ]
INFO: [ app_init ] --END-- [ RunTime:0.000554s ]

[ 2019-04-09T16:53:13+08:00 ] 127.0.0.1 /Public/Uploads/20190409/sm_5cac5d06c11c2.gif
INFO: [ app_init ] --START--
INFO: Run Behavior\BuildLiteBehavior [ RunTime:0.000014s ]
INFO: [ app_init ] --END-- [ RunTime:0.000779s ]

[ 2019-04-09T16:53:13+08:00 ] 127.0.0.1 /Public/Uploads/20190409/sm_5cac5d089d106.gif
INFO: [ app_init ] --START--
INFO: Run Behavior\BuildLiteBehavior [ RunTime:0.000012s ]
INFO: [ app_init ] --END-- [ RunTime:0.000562s ]

[ 2019-04-09T16:53:14+08:00 ] 127.0.0.1 /Public/Uploads/20190409/sm_5cac5d0b64654.gif
INFO: [ app_init ] --START--
INFO: Run Behavior\BuildLiteBehavior [ RunTime:0.000017s ]
INFO: [ app_init ] --END-- [ RunTime:0.000659s ]

[ 2019-04-09T16:53:14+08:00 ] 127.0.0.1 /Public/Uploads/20190409/sm_5cac5d06c11c2.gif
INFO: [ app_init ] --START--
INFO: Run Behavior\BuildLiteBehavior [ RunTime:0.000015s ]
INFO: [ app_init ] --END-- [ RunTime:0.000665s ]

[ 2019-04-09T16:53:14+08:00 ] 127.0.0.1 /Public/Uploads/20190409/sm_5cac5d089d106.gif
INFO: [ app_init ] --START--
INFO: Run Behavior\BuildLiteBehavior [ RunTime:0.000016s ]
INFO: [ app_init ] --END-- [ RunTime:0.000754s ]

[ 2019-04-09T16:53:19+08:00 ] 127.0.0.1 /Public/Uploads/20190409/sm_5cac5d089d106.gif
INFO: [ app_init ] --START--
INFO: Run Behavior\BuildLiteBehavior [ RunTime:0.000015s ]
INFO: [ app_init ] --END-- [ RunTime:0.000673s ]

[ 2019-04-09T16:53:19+08:00 ] 127.0.0.1 /Public/Uploads/20190409/sm_5cac5d0b64654.gif
INFO: [ app_init ] --START--
INFO: Run Behavior\BuildLiteBehavior [ RunTime:0.000017s ]
INFO: [ app_init ] --END-- [ RunTime:0.000674s ]

[ 2019-04-09T16:53:21+08:00 ] 127.0.0.1 /Public/Uploads/20190409/sm_5cac5d0b64654.gif
INFO: [ app_init ] --START--
INFO: Run Behavior\BuildLiteBehavior [ RunTime:0.000011s ]
INFO: [ app_init ] --END-- [ RunTime:0.000534s ]

[ 2019-04-09T16:53:29+08:00 ] 127.0.0.1 /Public/Uploads/20190409/sm_5cac4ad08b7a3.jpg
INFO: [ app_init ] --START--
INFO: Run Behavior\BuildLiteBehavior [ RunTime:0.000013s ]
INFO: [ app_init ] --END-- [ RunTime:0.000606s ]

[ 2019-04-09T16:53:29+08:00 ] 127.0.0.1 /Public/Uploads/20190409/sm_5cac4d1c68747.jpg
INFO: [ app_init ] --START--
INFO: Run Behavior\BuildLiteBehavior [ RunTime:0.000018s ]
INFO: [ app_init ] --END-- [ RunTime:0.000906s ]

[ 2019-04-09T16:53:29+08:00 ] 127.0.0.1 /Public/Uploads/20190409/sm_5cac4d44c9fd0.jpg
INFO: [ app_init ] --START--
INFO: Run Behavior\BuildLiteBehavior [ RunTime:0.000012s ]
INFO: [ app_init ] --END-- [ RunTime:0.000507s ]

[ 2019-04-09T16:53:29+08:00 ] 127.0.0.1 /Public/Uploads/20190409/sm_5cac4e422742b.jpg
INFO: [ app_init ] --START--
INFO: Run Behavior\BuildLiteBehavior [ RunTime:0.000019s ]
INFO: [ app_init ] --END-- [ RunTime:0.000687s ]

[ 2019-04-09T16:53:53+08:00 ] 127.0.0.1 /Public/Uploads/20190409/sm_5cac4ad08b7a3.jpg
INFO: [ app_init ] --START--
INFO: Run Behavior\BuildLiteBehavior [ RunTime:0.000017s ]
INFO: [ app_init ] --END-- [ RunTime:0.000801s ]

[ 2019-04-09T16:53:53+08:00 ] 127.0.0.1 /Public/Uploads/20190409/sm_5cac4d44c9fd0.jpg
INFO: [ app_init ] --START--
INFO: Run Behavior\BuildLiteBehavior [ RunTime:0.000015s ]
INFO: [ app_init ] --END-- [ RunTime:0.000717s ]

[ 2019-04-09T16:53:53+08:00 ] 127.0.0.1 /Public/Uploads/20190409/sm_5cac4d1c68747.jpg
INFO: [ app_init ] --START--
INFO: Run Behavior\BuildLiteBehavior [ RunTime:0.000012s ]
INFO: [ app_init ] --END-- [ RunTime:0.000538s ]

[ 2019-04-09T16:53:53+08:00 ] 127.0.0.1 /Public/Uploads/20190409/sm_5cac4e422742b.jpg
INFO: [ app_init ] --START--
INFO: Run Behavior\BuildLiteBehavior [ RunTime:0.000013s ]
INFO: [ app_init ] --END-- [ RunTime:0.000655s ]

[ 2019-04-09T16:53:57+08:00 ] 127.0.0.1 /Public/Uploads/20190409/sm_5cac4ad08b7a3.jpg
INFO: [ app_init ] --START--
INFO: Run Behavior\BuildLiteBehavior [ RunTime:0.000033s ]
INFO: [ app_init ] --END-- [ RunTime:0.000784s ]

[ 2019-04-09T16:53:57+08:00 ] 127.0.0.1 /Public/Uploads/20190409/sm_5cac4d44c9fd0.jpg
INFO: [ app_init ] --START--
INFO: Run Behavior\BuildLiteBehavior [ RunTime:0.000009s ]
INFO: [ app_init ] --END-- [ RunTime:0.000405s ]

[ 2019-04-09T16:53:57+08:00 ] 127.0.0.1 /Public/Uploads/20190409/sm_5cac4d1c68747.jpg
INFO: [ app_init ] --START--
INFO: Run Behavior\BuildLiteBehavior [ RunTime:0.000014s ]
INFO: [ app_init ] --END-- [ RunTime:0.000692s ]

[ 2019-04-09T16:53:57+08:00 ] 127.0.0.1 /Public/Uploads/20190409/sm_5cac4e422742b.jpg
INFO: [ app_init ] --START--
INFO: Run Behavior\BuildLiteBehavior [ RunTime:0.000056s ]
INFO: [ app_init ] --END-- [ RunTime:0.000608s ]

[ 2019-04-09T18:59:57+08:00 ] 127.0.0.1 /system.html
INFO: [ app_init ] --START--
INFO: Run Behavior\BuildLiteBehavior [ RunTime:0.000021s ]
INFO: [ app_init ] --END-- [ RunTime:0.000930s ]
ERR: 无法加载模块:System

